build/app/outputs/mapping/release/mapping.txt
# compiler: R8
# compiler_version: 1.5.64
# min_api: 21
# pg_map_id: 6f77ea5
com.kksa.MainActivity -> com.kksa.MainActivity:
    void configureFlutterEngine(io.flutter.embedding.engine.FlutterEngine) -> a
...
com.google.android.gms.internal.location.zzaw -> b.b.a.a.d.c.n:
com.google.android.gms.internal.location.zzax -> b.b.a.a.d.c.o:
    com.google.android.gms.common.api.internal.ListenerHolder zzda -> a
com.google.android.gms.internal.location.zzay -> b.b.a.a.d.c.p:
    android.location.Location zzdd -> a
    void notifyListener(java.lang.Object) -> a
    void onNotifyListenerFailed() -> a
com.google.android.gms.internal.location.zzaz -> b.b.a.a.d.c.q:
    com.google.android.gms.internal.location.zzas zzde -> z
    void zza(com.google.android.gms.internal.location.zzbd,com.google.android.gms.common.api.internal.ListenerHolder,com.google.android.gms.internal.location.zzaj) -> a
    void zzb(com.google.android.gms.common.api.internal.ListenerHolder$ListenerKey,com.google.android.gms.internal.location.zzaj) -> a
    void disconnect() -> d
    android.location.Location getLastLocation() -> z
com.google.android.gms.internal.location.zzb -> b.b.a.a.d.c.r:
    boolean dispatchTransaction(int,android.os.Parcel,android.os.Parcel,int) -> a
com.google.android.gms.internal.location.zzbd -> b.b.a.a.d.c.s:
    java.util.List zzm -> b
    java.lang.String moduleId -> g
    com.google.android.gms.location.LocationRequest zzdg -> a
    boolean zzdi -> e
    boolean zzdj -> f
    java.util.List zzcd -> h
    java.lang.String tag -> c
    boolean zzdh -> d
    com.google.android.gms.internal.location.zzbd zza(com.google.android.gms.location.LocationRequest) -> a
com.google.android.gms.internal.location.zzbe -> b.b.a.a.d.c.t:
com.google.android.gms.internal.location.zzbf -> b.b.a.a.d.c.u:
    com.google.android.gms.internal.location.zzbd zzdl -> b
    com.google.android.gms.location.zzx zzdm -> c
    com.google.android.gms.internal.location.zzaj zzcj -> f
    com.google.android.gms.location.zzu zzdn -> e
    int zzcg -> a
    android.app.PendingIntent zzbv -> d
    com.google.android.gms.internal.location.zzbf zza(com.google.android.gms.location.zzu,com.google.android.gms.internal.location.zzaj) -> a
    com.google.android.gms.internal.location.zzbf zza(com.google.android.gms.location.zzx,com.google.android.gms.internal.location.zzaj) -> a
com.google.android.gms.internal.location.zzbg -> b.b.a.a.d.c.v:
com.google.android.gms.internal.location.zzbj -> b.b.a.a.d.c.w:
    void checkConnected() -> a
    android.os.IInterface getService() -> b
com.google.android.gms.internal.location.zzbk -> b.b.a.a.d.c.x:
com.google.android.gms.internal.location.zzbm -> b.b.a.a.d.c.y:
    android.os.Looper zza(android.os.Looper) -> a
    android.os.Looper zzc() -> a
com.google.android.gms.internal.location.zzc -> b.b.a.a.d.c.z:
    android.os.Parcelable zza(android.os.Parcel,android.os.Parcelable$Creator) -> a
    void zza(android.os.Parcel,android.os.Parcelable) -> a
    void zza(android.os.Parcel,boolean) -> a
com.google.android.gms.internal.location.zzk -> b.b.a.a.d.c.a0:
    java.lang.String zzca -> x
    com.google.android.gms.internal.location.zzbj zzcb -> y
    android.os.IInterface createServiceInterface(android.os.IBinder) -> a
    void zza(com.google.android.gms.internal.location.zzk) -> a
    int getMinApkVersion() -> j
    android.os.Bundle getGetServiceRequestExtraArgs() -> q
    java.lang.String getServiceDescriptor() -> u
    java.lang.String getStartServiceAction() -> v
com.google.android.gms.internal.location.zzl -> b.b.a.a.d.c.b0:
    com.google.android.gms.internal.location.zzk zzcc -> a
    void checkConnected() -> a
    android.os.IInterface getService() -> b
com.google.android.gms.internal.location.zzm -> b.b.a.a.d.c.c0:
    java.util.List zzm -> b
    java.util.List zzcd -> d
    com.google.android.gms.location.zzj zzce -> e
    com.google.android.gms.location.zzj zzcf -> a
    java.lang.String tag -> c
com.google.android.gms.internal.location.zzn -> b.b.a.a.d.c.d0: